<?xml version="1.0" encoding="UTF-8"?>
<coverage generated="1752575229171" clover="3.2.0">
  <project timestamp="1752575229171" name="All files">
    <metrics statements="130" coveredstatements="107" conditionals="60" coveredconditionals="41" methods="20" coveredmethods="18" elements="210" coveredelements="166" complexity="0" loc="130" ncloc="130" packages="1" files="1" classes="1"/>
    <file name="app.js" path="/Users/rjain2/Documents/augment-projects/ganitagya/server/app.js">
      <metrics statements="130" coveredstatements="107" conditionals="60" coveredconditionals="41" methods="20" coveredmethods="18"/>
      <line num="1" count="4" type="stmt"/>
      <line num="2" count="4" type="stmt"/>
      <line num="3" count="4" type="stmt"/>
      <line num="4" count="4" type="stmt"/>
      <line num="5" count="4" type="stmt"/>
      <line num="6" count="4" type="stmt"/>
      <line num="7" count="4" type="stmt"/>
      <line num="9" count="4" type="stmt"/>
      <line num="10" count="4" type="cond" truecount="2" falsecount="0"/>
      <line num="11" count="4" type="cond" truecount="1" falsecount="1"/>
      <line num="14" count="4" type="stmt"/>
      <line num="15" count="4" type="stmt"/>
      <line num="16" count="4" type="stmt"/>
      <line num="22" count="4" type="stmt"/>
      <line num="23" count="4" type="stmt"/>
      <line num="26" count="4" type="stmt"/>
      <line num="34" count="4" type="stmt"/>
      <line num="41" count="4" type="stmt"/>
      <line num="42" count="4" type="stmt"/>
      <line num="45" count="4" type="stmt"/>
      <line num="82" count="4" type="stmt"/>
      <line num="83" count="7" type="stmt"/>
      <line num="94" count="4" type="stmt"/>
      <line num="95" count="10" type="stmt"/>
      <line num="97" count="10" type="cond" truecount="2" falsecount="0"/>
      <line num="98" count="3" type="stmt"/>
      <line num="104" count="7" type="stmt"/>
      <line num="105" count="7" type="stmt"/>
      <line num="106" count="5" type="stmt"/>
      <line num="107" count="5" type="stmt"/>
      <line num="109" count="2" type="stmt"/>
      <line num="110" count="2" type="stmt"/>
      <line num="117" count="4" type="stmt"/>
      <line num="118" count="8" type="stmt"/>
      <line num="119" count="8" type="stmt"/>
      <line num="122" count="4" type="stmt"/>
      <line num="123" count="6" type="cond" truecount="2" falsecount="0"/>
      <line num="126" count="4" type="stmt"/>
      <line num="127" count="3" type="cond" truecount="1" falsecount="3"/>
      <line num="129" count="0" type="stmt"/>
      <line num="131" count="0" type="stmt"/>
      <line num="133" count="3" type="stmt"/>
      <line num="135" count="0" type="stmt"/>
      <line num="142" count="4" type="stmt"/>
      <line num="143" count="5" type="stmt"/>
      <line num="151" count="4" type="stmt"/>
      <line num="152" count="9" type="stmt"/>
      <line num="153" count="9" type="cond" truecount="1" falsecount="0"/>
      <line num="156" count="9" type="cond" truecount="5" falsecount="0"/>
      <line num="157" count="1" type="stmt"/>
      <line num="163" count="8" type="cond" truecount="2" falsecount="0"/>
      <line num="164" count="2" type="stmt"/>
      <line num="170" count="6" type="cond" truecount="2" falsecount="0"/>
      <line num="171" count="1" type="stmt"/>
      <line num="177" count="5" type="cond" truecount="2" falsecount="0"/>
      <line num="178" count="1" type="stmt"/>
      <line num="185" count="13" type="stmt"/>
      <line num="186" count="4" type="cond" truecount="2" falsecount="0"/>
      <line num="187" count="1" type="stmt"/>
      <line num="194" count="3" type="stmt"/>
      <line num="195" count="3" type="stmt"/>
      <line num="198" count="3" type="stmt"/>
      <line num="210" count="3" type="stmt"/>
      <line num="213" count="3" type="stmt"/>
      <line num="216" count="3" type="stmt"/>
      <line num="218" count="3" type="stmt"/>
      <line num="227" count="0" type="stmt"/>
      <line num="228" count="0" type="stmt"/>
      <line num="236" count="4" type="stmt"/>
      <line num="237" count="7" type="stmt"/>
      <line num="238" count="7" type="stmt"/>
      <line num="241" count="7" type="cond" truecount="3" falsecount="1"/>
      <line num="242" count="0" type="stmt"/>
      <line num="249" count="24" type="stmt"/>
      <line num="250" count="7" type="cond" truecount="2" falsecount="0"/>
      <line num="251" count="2" type="stmt"/>
      <line num="258" count="5" type="stmt"/>
      <line num="259" count="5" type="cond" truecount="2" falsecount="0"/>
      <line num="260" count="1" type="stmt"/>
      <line num="267" count="4" type="cond" truecount="2" falsecount="2"/>
      <line num="268" count="0" type="stmt"/>
      <line num="275" count="4" type="stmt"/>
      <line num="278" count="4" type="stmt"/>
      <line num="281" count="4" type="stmt"/>
      <line num="283" count="4" type="stmt"/>
      <line num="292" count="0" type="stmt"/>
      <line num="293" count="0" type="stmt"/>
      <line num="301" count="4" type="stmt"/>
      <line num="302" count="1" type="stmt"/>
      <line num="303" count="4" type="stmt"/>
      <line num="304" count="1" type="cond" truecount="1" falsecount="1"/>
      <line num="305" count="0" type="stmt"/>
      <line num="311" count="1" type="stmt"/>
      <line num="313" count="1" type="stmt"/>
      <line num="320" count="0" type="stmt"/>
      <line num="321" count="0" type="stmt"/>
      <line num="329" count="4" type="stmt"/>
      <line num="330" count="1" type="stmt"/>
      <line num="331" count="1" type="stmt"/>
      <line num="333" count="4" type="stmt"/>
      <line num="334" count="1" type="cond" truecount="1" falsecount="1"/>
      <line num="335" count="0" type="stmt"/>
      <line num="342" count="1" type="cond" truecount="1" falsecount="1"/>
      <line num="343" count="1" type="cond" truecount="1" falsecount="1"/>
      <line num="345" count="1" type="stmt"/>
      <line num="347" count="1" type="stmt"/>
      <line num="355" count="0" type="stmt"/>
      <line num="356" count="0" type="stmt"/>
      <line num="364" count="4" type="stmt"/>
      <line num="365" count="1" type="stmt"/>
      <line num="372" count="4" type="stmt"/>
      <line num="373" count="2" type="stmt"/>
      <line num="374" count="2" type="cond" truecount="2" falsecount="0"/>
      <line num="375" count="1" type="stmt"/>
      <line num="381" count="1" type="stmt"/>
      <line num="382" count="4" type="stmt"/>
      <line num="385" count="1" type="stmt"/>
      <line num="393" count="0" type="stmt"/>
      <line num="394" count="0" type="stmt"/>
      <line num="402" count="4" type="stmt"/>
      <line num="403" count="0" type="stmt"/>
      <line num="404" count="0" type="stmt"/>
      <line num="411" count="4" type="stmt"/>
      <line num="412" count="1" type="stmt"/>
      <line num="419" count="4" type="cond" truecount="1" falsecount="1"/>
      <line num="420" count="0" type="stmt"/>
      <line num="421" count="0" type="stmt"/>
      <line num="422" count="0" type="cond" truecount="0" falsecount="2"/>
      <line num="423" count="0" type="stmt"/>
      <line num="429" count="4" type="stmt"/>
    </file>
  </project>
</coverage>
