{"/Users/rjain2/Documents/augment-projects/ganitagya/server/app.js": {"path":"/Users/rjain2/Documents/augment-projects/ganitagya/server/app.js","statementMap":{"0":{"start":{"line":1,"column":16},"end":{"line":1,"column":34}},"1":{"start":{"line":2,"column":13},"end":{"line":2,"column":28}},"2":{"start":{"line":3,"column":15},"end":{"line":3,"column":34}},"3":{"start":{"line":4,"column":12},"end":{"line":4,"column":35}},"4":{"start":{"line":5,"column":18},"end":{"line":5,"column":47}},"5":{"start":{"line":6,"column":15},"end":{"line":6,"column":32}},"6":{"start":{"line":7,"column":15},"end":{"line":7,"column":32}},"7":{"start":{"line":9,"column":12},"end":{"line":9,"column":21}},"8":{"start":{"line":10,"column":13},"end":{"line":10,"column":37}},"9":{"start":{"line":11,"column":19},"end":{"line":11,"column":72}},"10":{"start":{"line":14,"column":0},"end":{"line":14,"column":18}},"11":{"start":{"line":15,"column":0},"end":{"line":15,"column":28}},"12":{"start":{"line":16,"column":0},"end":{"line":21,"column":2}},"13":{"start":{"line":22,"column":0},"end":{"line":22,"column":41}},"14":{"start":{"line":23,"column":0},"end":{"line":23,"column":48}},"15":{"start":{"line":26,"column":20},"end":{"line":32,"column":2}},"16":{"start":{"line":34,"column":23},"end":{"line":39,"column":2}},"17":{"start":{"line":41,"column":0},"end":{"line":41,"column":34}},"18":{"start":{"line":42,"column":0},"end":{"line":42,"column":32}},"19":{"start":{"line":45,"column":12},"end":{"line":79,"column":1}},"20":{"start":{"line":82,"column":22},"end":{"line":92,"column":1}},"21":{"start":{"line":83,"column":2},"end":{"line":91,"column":4}},"22":{"start":{"line":94,"column":20},"end":{"line":115,"column":1}},"23":{"start":{"line":95,"column":16},"end":{"line":95,"column":67}},"24":{"start":{"line":97,"column":2},"end":{"line":102,"column":3}},"25":{"start":{"line":98,"column":4},"end":{"line":101,"column":7}},"26":{"start":{"line":104,"column":2},"end":{"line":114,"column":3}},"27":{"start":{"line":105,"column":20},"end":{"line":105,"column":49}},"28":{"start":{"line":106,"column":4},"end":{"line":106,"column":23}},"29":{"start":{"line":107,"column":4},"end":{"line":107,"column":11}},"30":{"start":{"line":109,"column":4},"end":{"line":109,"column":52}},"31":{"start":{"line":110,"column":4},"end":{"line":113,"column":7}},"32":{"start":{"line":117,"column":22},"end":{"line":120,"column":1}},"33":{"start":{"line":118,"column":21},"end":{"line":118,"column":49}},"34":{"start":{"line":119,"column":2},"end":{"line":119,"column":32}},"35":{"start":{"line":122,"column":25},"end":{"line":124,"column":1}},"36":{"start":{"line":123,"column":2},"end":{"line":123,"column":42}},"37":{"start":{"line":126,"column":24},"end":{"line":137,"column":1}},"38":{"start":{"line":127,"column":2},"end":{"line":136,"column":3}},"39":{"start":{"line":129,"column":6},"end":{"line":129,"column":21}},"40":{"start":{"line":131,"column":6},"end":{"line":131,"column":21}},"41":{"start":{"line":133,"column":6},"end":{"line":133,"column":21}},"42":{"start":{"line":135,"column":6},"end":{"line":135,"column":21}},"43":{"start":{"line":142,"column":0},"end":{"line":148,"column":3}},"44":{"start":{"line":143,"column":2},"end":{"line":147,"column":5}},"45":{"start":{"line":151,"column":0},"end":{"line":233,"column":3}},"46":{"start":{"line":152,"column":2},"end":{"line":232,"column":3}},"47":{"start":{"line":153,"column":56},"end":{"line":153,"column":64}},"48":{"start":{"line":156,"column":4},"end":{"line":161,"column":5}},"49":{"start":{"line":157,"column":6},"end":{"line":160,"column":9}},"50":{"start":{"line":163,"column":4},"end":{"line":168,"column":5}},"51":{"start":{"line":164,"column":6},"end":{"line":167,"column":9}},"52":{"start":{"line":170,"column":4},"end":{"line":175,"column":5}},"53":{"start":{"line":171,"column":6},"end":{"line":174,"column":9}},"54":{"start":{"line":177,"column":4},"end":{"line":182,"column":5}},"55":{"start":{"line":178,"column":6},"end":{"line":181,"column":9}},"56":{"start":{"line":185,"column":25},"end":{"line":185,"column":67}},"57":{"start":{"line":185,"column":46},"end":{"line":185,"column":66}},"58":{"start":{"line":186,"column":4},"end":{"line":191,"column":5}},"59":{"start":{"line":187,"column":6},"end":{"line":190,"column":9}},"60":{"start":{"line":194,"column":23},"end":{"line":194,"column":25}},"61":{"start":{"line":195,"column":27},"end":{"line":195,"column":66}},"62":{"start":{"line":198,"column":20},"end":{"line":208,"column":5}},"63":{"start":{"line":210,"column":4},"end":{"line":210,"column":24}},"64":{"start":{"line":213,"column":18},"end":{"line":213,"column":40}},"65":{"start":{"line":216,"column":52},"end":{"line":216,"column":59}},"66":{"start":{"line":218,"column":4},"end":{"line":225,"column":7}},"67":{"start":{"line":227,"column":4},"end":{"line":227,"column":48}},"68":{"start":{"line":228,"column":4},"end":{"line":231,"column":7}},"69":{"start":{"line":236,"column":0},"end":{"line":298,"column":3}},"70":{"start":{"line":237,"column":2},"end":{"line":297,"column":3}},"71":{"start":{"line":238,"column":42},"end":{"line":238,"column":50}},"72":{"start":{"line":241,"column":4},"end":{"line":246,"column":5}},"73":{"start":{"line":242,"column":6},"end":{"line":245,"column":9}},"74":{"start":{"line":249,"column":17},"end":{"line":249,"column":74}},"75":{"start":{"line":249,"column":35},"end":{"line":249,"column":73}},"76":{"start":{"line":250,"column":4},"end":{"line":255,"column":5}},"77":{"start":{"line":251,"column":6},"end":{"line":254,"column":9}},"78":{"start":{"line":258,"column":28},"end":{"line":258,"column":73}},"79":{"start":{"line":259,"column":4},"end":{"line":264,"column":5}},"80":{"start":{"line":260,"column":6},"end":{"line":263,"column":9}},"81":{"start":{"line":267,"column":4},"end":{"line":272,"column":5}},"82":{"start":{"line":268,"column":6},"end":{"line":271,"column":9}},"83":{"start":{"line":275,"column":4},"end":{"line":275,"column":32}},"84":{"start":{"line":278,"column":18},"end":{"line":278,"column":37}},"85":{"start":{"line":281,"column":52},"end":{"line":281,"column":56}},"86":{"start":{"line":283,"column":4},"end":{"line":290,"column":7}},"87":{"start":{"line":292,"column":4},"end":{"line":292,"column":41}},"88":{"start":{"line":293,"column":4},"end":{"line":296,"column":7}},"89":{"start":{"line":301,"column":0},"end":{"line":326,"column":3}},"90":{"start":{"line":302,"column":2},"end":{"line":325,"column":3}},"91":{"start":{"line":303,"column":17},"end":{"line":303,"column":56}},"92":{"start":{"line":303,"column":35},"end":{"line":303,"column":55}},"93":{"start":{"line":304,"column":4},"end":{"line":309,"column":5}},"94":{"start":{"line":305,"column":6},"end":{"line":308,"column":9}},"95":{"start":{"line":311,"column":52},"end":{"line":311,"column":56}},"96":{"start":{"line":313,"column":4},"end":{"line":318,"column":7}},"97":{"start":{"line":320,"column":4},"end":{"line":320,"column":44}},"98":{"start":{"line":321,"column":4},"end":{"line":324,"column":7}},"99":{"start":{"line":329,"column":0},"end":{"line":361,"column":3}},"100":{"start":{"line":330,"column":2},"end":{"line":360,"column":3}},"101":{"start":{"line":331,"column":35},"end":{"line":331,"column":43}},"102":{"start":{"line":333,"column":22},"end":{"line":333,"column":66}},"103":{"start":{"line":333,"column":45},"end":{"line":333,"column":65}},"104":{"start":{"line":334,"column":4},"end":{"line":339,"column":5}},"105":{"start":{"line":335,"column":6},"end":{"line":338,"column":9}},"106":{"start":{"line":342,"column":4},"end":{"line":342,"column":50}},"107":{"start":{"line":342,"column":14},"end":{"line":342,"column":50}},"108":{"start":{"line":343,"column":4},"end":{"line":343,"column":67}},"109":{"start":{"line":343,"column":22},"end":{"line":343,"column":67}},"110":{"start":{"line":345,"column":52},"end":{"line":345,"column":68}},"111":{"start":{"line":347,"column":4},"end":{"line":353,"column":7}},"112":{"start":{"line":355,"column":4},"end":{"line":355,"column":47}},"113":{"start":{"line":356,"column":4},"end":{"line":359,"column":7}},"114":{"start":{"line":364,"column":0},"end":{"line":369,"column":3}},"115":{"start":{"line":365,"column":2},"end":{"line":368,"column":5}},"116":{"start":{"line":372,"column":0},"end":{"line":399,"column":3}},"117":{"start":{"line":373,"column":2},"end":{"line":398,"column":3}},"118":{"start":{"line":374,"column":4},"end":{"line":379,"column":5}},"119":{"start":{"line":375,"column":6},"end":{"line":378,"column":9}},"120":{"start":{"line":381,"column":34},"end":{"line":383,"column":5}},"121":{"start":{"line":382,"column":44},"end":{"line":382,"column":48}},"122":{"start":{"line":385,"column":4},"end":{"line":391,"column":7}},"123":{"start":{"line":393,"column":4},"end":{"line":393,"column":45}},"124":{"start":{"line":394,"column":4},"end":{"line":397,"column":7}},"125":{"start":{"line":402,"column":0},"end":{"line":408,"column":3}},"126":{"start":{"line":403,"column":2},"end":{"line":403,"column":27}},"127":{"start":{"line":404,"column":2},"end":{"line":407,"column":5}},"128":{"start":{"line":411,"column":0},"end":{"line":416,"column":3}},"129":{"start":{"line":412,"column":2},"end":{"line":415,"column":5}},"130":{"start":{"line":419,"column":0},"end":{"line":427,"column":1}},"131":{"start":{"line":420,"column":2},"end":{"line":426,"column":5}},"132":{"start":{"line":421,"column":4},"end":{"line":421,"column":67}},"133":{"start":{"line":422,"column":4},"end":{"line":422,"column":76}},"134":{"start":{"line":423,"column":4},"end":{"line":425,"column":6}},"135":{"start":{"line":429,"column":0},"end":{"line":429,"column":21}}},"fnMap":{"0":{"name":"(anonymous_0)","decl":{"start":{"line":82,"column":22},"end":{"line":82,"column":23}},"loc":{"start":{"line":82,"column":32},"end":{"line":92,"column":1}},"line":82},"1":{"name":"(anonymous_1)","decl":{"start":{"line":94,"column":20},"end":{"line":94,"column":21}},"loc":{"start":{"line":94,"column":40},"end":{"line":115,"column":1}},"line":94},"2":{"name":"(anonymous_2)","decl":{"start":{"line":117,"column":22},"end":{"line":117,"column":23}},"loc":{"start":{"line":117,"column":33},"end":{"line":120,"column":1}},"line":117},"3":{"name":"(anonymous_3)","decl":{"start":{"line":122,"column":25},"end":{"line":122,"column":26}},"loc":{"start":{"line":122,"column":39},"end":{"line":124,"column":1}},"line":122},"4":{"name":"(anonymous_4)","decl":{"start":{"line":126,"column":24},"end":{"line":126,"column":25}},"loc":{"start":{"line":126,"column":34},"end":{"line":137,"column":1}},"line":126},"5":{"name":"(anonymous_5)","decl":{"start":{"line":142,"column":23},"end":{"line":142,"column":24}},"loc":{"start":{"line":142,"column":37},"end":{"line":148,"column":1}},"line":142},"6":{"name":"(anonymous_6)","decl":{"start":{"line":151,"column":31},"end":{"line":151,"column":32}},"loc":{"start":{"line":151,"column":51},"end":{"line":233,"column":1}},"line":151},"7":{"name":"(anonymous_7)","decl":{"start":{"line":185,"column":36},"end":{"line":185,"column":37}},"loc":{"start":{"line":185,"column":46},"end":{"line":185,"column":66}},"line":185},"8":{"name":"(anonymous_8)","decl":{"start":{"line":236,"column":28},"end":{"line":236,"column":29}},"loc":{"start":{"line":236,"column":48},"end":{"line":298,"column":1}},"line":236},"9":{"name":"(anonymous_9)","decl":{"start":{"line":249,"column":28},"end":{"line":249,"column":29}},"loc":{"start":{"line":249,"column":35},"end":{"line":249,"column":73}},"line":249},"10":{"name":"(anonymous_10)","decl":{"start":{"line":301,"column":37},"end":{"line":301,"column":38}},"loc":{"start":{"line":301,"column":51},"end":{"line":326,"column":1}},"line":301},"11":{"name":"(anonymous_11)","decl":{"start":{"line":303,"column":28},"end":{"line":303,"column":29}},"loc":{"start":{"line":303,"column":35},"end":{"line":303,"column":55}},"line":303},"12":{"name":"(anonymous_12)","decl":{"start":{"line":329,"column":37},"end":{"line":329,"column":38}},"loc":{"start":{"line":329,"column":51},"end":{"line":361,"column":1}},"line":329},"13":{"name":"(anonymous_13)","decl":{"start":{"line":333,"column":38},"end":{"line":333,"column":39}},"loc":{"start":{"line":333,"column":45},"end":{"line":333,"column":65}},"line":333},"14":{"name":"(anonymous_14)","decl":{"start":{"line":364,"column":42},"end":{"line":364,"column":43}},"loc":{"start":{"line":364,"column":56},"end":{"line":369,"column":1}},"line":364},"15":{"name":"(anonymous_15)","decl":{"start":{"line":372,"column":35},"end":{"line":372,"column":36}},"loc":{"start":{"line":372,"column":49},"end":{"line":399,"column":1}},"line":372},"16":{"name":"(anonymous_16)","decl":{"start":{"line":382,"column":6},"end":{"line":382,"column":7}},"loc":{"start":{"line":382,"column":44},"end":{"line":382,"column":48}},"line":382},"17":{"name":"(anonymous_17)","decl":{"start":{"line":402,"column":8},"end":{"line":402,"column":9}},"loc":{"start":{"line":402,"column":34},"end":{"line":408,"column":1}},"line":402},"18":{"name":"(anonymous_18)","decl":{"start":{"line":411,"column":13},"end":{"line":411,"column":14}},"loc":{"start":{"line":411,"column":27},"end":{"line":416,"column":1}},"line":411},"19":{"name":"(anonymous_19)","decl":{"start":{"line":420,"column":19},"end":{"line":420,"column":20}},"loc":{"start":{"line":420,"column":25},"end":{"line":426,"column":3}},"line":420}},"branchMap":{"0":{"loc":{"start":{"line":10,"column":13},"end":{"line":10,"column":37}},"type":"binary-expr","locations":[{"start":{"line":10,"column":13},"end":{"line":10,"column":29}},{"start":{"line":10,"column":33},"end":{"line":10,"column":37}}],"line":10},"1":{"loc":{"start":{"line":11,"column":19},"end":{"line":11,"column":72}},"type":"binary-expr","locations":[{"start":{"line":11,"column":19},"end":{"line":11,"column":41}},{"start":{"line":11,"column":45},"end":{"line":11,"column":72}}],"line":11},"2":{"loc":{"start":{"line":18,"column":12},"end":{"line":18,"column":63}},"type":"binary-expr","locations":[{"start":{"line":18,"column":12},"end":{"line":18,"column":36}},{"start":{"line":18,"column":40},"end":{"line":18,"column":63}}],"line":18},"3":{"loc":{"start":{"line":28,"column":7},"end":{"line":28,"column":48}},"type":"cond-expr","locations":[{"start":{"line":28,"column":41},"end":{"line":28,"column":44}},{"start":{"line":28,"column":47},"end":{"line":28,"column":48}}],"line":28},"4":{"loc":{"start":{"line":36,"column":7},"end":{"line":36,"column":51}},"type":"cond-expr","locations":[{"start":{"line":36,"column":41},"end":{"line":36,"column":45}},{"start":{"line":36,"column":48},"end":{"line":36,"column":51}}],"line":36},"5":{"loc":{"start":{"line":97,"column":2},"end":{"line":102,"column":3}},"type":"if","locations":[{"start":{"line":97,"column":2},"end":{"line":102,"column":3}},{"start":{},"end":{}}],"line":97},"6":{"loc":{"start":{"line":123,"column":9},"end":{"line":123,"column":41}},"type":"binary-expr","locations":[{"start":{"line":123,"column":9},"end":{"line":123,"column":17}},{"start":{"line":123,"column":21},"end":{"line":123,"column":41}}],"line":123},"7":{"loc":{"start":{"line":127,"column":2},"end":{"line":136,"column":3}},"type":"switch","locations":[{"start":{"line":128,"column":4},"end":{"line":129,"column":21}},{"start":{"line":130,"column":4},"end":{"line":131,"column":21}},{"start":{"line":132,"column":4},"end":{"line":133,"column":21}},{"start":{"line":134,"column":4},"end":{"line":135,"column":21}}],"line":127},"8":{"loc":{"start":{"line":153,"column":35},"end":{"line":153,"column":51}},"type":"default-arg","locations":[{"start":{"line":153,"column":42},"end":{"line":153,"column":51}}],"line":153},"9":{"loc":{"start":{"line":156,"column":4},"end":{"line":161,"column":5}},"type":"if","locations":[{"start":{"line":156,"column":4},"end":{"line":161,"column":5}},{"start":{},"end":{}}],"line":156},"10":{"loc":{"start":{"line":156,"column":8},"end":{"line":156,"column":36}},"type":"binary-expr","locations":[{"start":{"line":156,"column":8},"end":{"line":156,"column":13}},{"start":{"line":156,"column":17},"end":{"line":156,"column":23}},{"start":{"line":156,"column":27},"end":{"line":156,"column":36}}],"line":156},"11":{"loc":{"start":{"line":163,"column":4},"end":{"line":168,"column":5}},"type":"if","locations":[{"start":{"line":163,"column":4},"end":{"line":168,"column":5}},{"start":{},"end":{}}],"line":163},"12":{"loc":{"start":{"line":170,"column":4},"end":{"line":175,"column":5}},"type":"if","locations":[{"start":{"line":170,"column":4},"end":{"line":175,"column":5}},{"start":{},"end":{}}],"line":170},"13":{"loc":{"start":{"line":177,"column":4},"end":{"line":182,"column":5}},"type":"if","locations":[{"start":{"line":177,"column":4},"end":{"line":182,"column":5}},{"start":{},"end":{}}],"line":177},"14":{"loc":{"start":{"line":186,"column":4},"end":{"line":191,"column":5}},"type":"if","locations":[{"start":{"line":186,"column":4},"end":{"line":191,"column":5}},{"start":{},"end":{}}],"line":186},"15":{"loc":{"start":{"line":241,"column":4},"end":{"line":246,"column":5}},"type":"if","locations":[{"start":{"line":241,"column":4},"end":{"line":246,"column":5}},{"start":{},"end":{}}],"line":241},"16":{"loc":{"start":{"line":241,"column":8},"end":{"line":241,"column":27}},"type":"binary-expr","locations":[{"start":{"line":241,"column":8},"end":{"line":241,"column":14}},{"start":{"line":241,"column":18},"end":{"line":241,"column":27}}],"line":241},"17":{"loc":{"start":{"line":250,"column":4},"end":{"line":255,"column":5}},"type":"if","locations":[{"start":{"line":250,"column":4},"end":{"line":255,"column":5}},{"start":{},"end":{}}],"line":250},"18":{"loc":{"start":{"line":259,"column":4},"end":{"line":264,"column":5}},"type":"if","locations":[{"start":{"line":259,"column":4},"end":{"line":264,"column":5}},{"start":{},"end":{}}],"line":259},"19":{"loc":{"start":{"line":267,"column":4},"end":{"line":272,"column":5}},"type":"if","locations":[{"start":{"line":267,"column":4},"end":{"line":272,"column":5}},{"start":{},"end":{}}],"line":267},"20":{"loc":{"start":{"line":267,"column":8},"end":{"line":267,"column":42}},"type":"binary-expr","locations":[{"start":{"line":267,"column":8},"end":{"line":267,"column":16}},{"start":{"line":267,"column":20},"end":{"line":267,"column":42}}],"line":267},"21":{"loc":{"start":{"line":304,"column":4},"end":{"line":309,"column":5}},"type":"if","locations":[{"start":{"line":304,"column":4},"end":{"line":309,"column":5}},{"start":{},"end":{}}],"line":304},"22":{"loc":{"start":{"line":334,"column":4},"end":{"line":339,"column":5}},"type":"if","locations":[{"start":{"line":334,"column":4},"end":{"line":339,"column":5}},{"start":{},"end":{}}],"line":334},"23":{"loc":{"start":{"line":342,"column":4},"end":{"line":342,"column":50}},"type":"if","locations":[{"start":{"line":342,"column":4},"end":{"line":342,"column":50}},{"start":{},"end":{}}],"line":342},"24":{"loc":{"start":{"line":343,"column":4},"end":{"line":343,"column":67}},"type":"if","locations":[{"start":{"line":343,"column":4},"end":{"line":343,"column":67}},{"start":{},"end":{}}],"line":343},"25":{"loc":{"start":{"line":374,"column":4},"end":{"line":379,"column":5}},"type":"if","locations":[{"start":{"line":374,"column":4},"end":{"line":379,"column":5}},{"start":{},"end":{}}],"line":374},"26":{"loc":{"start":{"line":419,"column":0},"end":{"line":427,"column":1}},"type":"if","locations":[{"start":{"line":419,"column":0},"end":{"line":427,"column":1}},{"start":{},"end":{}}],"line":419},"27":{"loc":{"start":{"line":422,"column":35},"end":{"line":422,"column":72}},"type":"binary-expr","locations":[{"start":{"line":422,"column":35},"end":{"line":422,"column":55}},{"start":{"line":422,"column":59},"end":{"line":422,"column":72}}],"line":422},"28":{"loc":{"start":{"line":424,"column":26},"end":{"line":424,"column":77}},"type":"binary-expr","locations":[{"start":{"line":424,"column":26},"end":{"line":424,"column":50}},{"start":{"line":424,"column":54},"end":{"line":424,"column":77}}],"line":424}},"s":{"0":4,"1":4,"2":4,"3":4,"4":4,"5":4,"6":4,"7":4,"8":4,"9":4,"10":4,"11":4,"12":4,"13":4,"14":4,"15":4,"16":4,"17":4,"18":4,"19":4,"20":4,"21":7,"22":4,"23":10,"24":10,"25":3,"26":7,"27":7,"28":5,"29":5,"30":2,"31":2,"32":4,"33":8,"34":8,"35":4,"36":6,"37":4,"38":3,"39":0,"40":0,"41":3,"42":0,"43":4,"44":5,"45":4,"46":9,"47":9,"48":9,"49":1,"50":8,"51":2,"52":6,"53":1,"54":5,"55":1,"56":4,"57":13,"58":4,"59":1,"60":3,"61":3,"62":3,"63":3,"64":3,"65":3,"66":3,"67":0,"68":0,"69":4,"70":7,"71":7,"72":7,"73":0,"74":7,"75":24,"76":7,"77":2,"78":5,"79":5,"80":1,"81":4,"82":0,"83":4,"84":4,"85":4,"86":4,"87":0,"88":0,"89":4,"90":1,"91":1,"92":4,"93":1,"94":0,"95":1,"96":1,"97":0,"98":0,"99":4,"100":1,"101":1,"102":1,"103":4,"104":1,"105":0,"106":1,"107":1,"108":1,"109":1,"110":1,"111":1,"112":0,"113":0,"114":4,"115":1,"116":4,"117":2,"118":2,"119":1,"120":1,"121":4,"122":1,"123":0,"124":0,"125":4,"126":0,"127":0,"128":4,"129":1,"130":4,"131":0,"132":0,"133":0,"134":0,"135":4},"f":{"0":7,"1":10,"2":8,"3":6,"4":3,"5":5,"6":9,"7":13,"8":7,"9":24,"10":1,"11":4,"12":1,"13":4,"14":1,"15":2,"16":4,"17":0,"18":1,"19":0},"b":{"0":[4,4],"1":[4,0],"2":[4,0],"3":[4,0],"4":[4,0],"5":[3,7],"6":[6,6],"7":[0,0,3,0],"8":[3],"9":[1,8],"10":[9,8,8],"11":[2,6],"12":[1,5],"13":[1,4],"14":[1,3],"15":[0,7],"16":[7,7],"17":[2,5],"18":[1,4],"19":[0,4],"20":[4,0],"21":[0,1],"22":[0,1],"23":[1,0],"24":[1,0],"25":[1,1],"26":[0,4],"27":[0,0],"28":[0,0]},"_coverageSchema":"1a1c01bbd47fc00a2c39e90264f33305004495a9","hash":"63a8683c099f0cc13abd4fdace962a59f74b2dc9"}
}
