TN:
SF:app.js
FN:82,(anonymous_0)
FN:94,(anonymous_1)
FN:117,(anonymous_2)
FN:122,(anonymous_3)
FN:126,(anonymous_4)
FN:142,(anonymous_5)
FN:151,(anonymous_6)
FN:185,(anonymous_7)
FN:236,(anonymous_8)
FN:249,(anonymous_9)
FN:301,(anonymous_10)
FN:303,(anonymous_11)
FN:329,(anonymous_12)
FN:333,(anonymous_13)
FN:364,(anonymous_14)
FN:372,(anonymous_15)
FN:382,(anonymous_16)
FN:402,(anonymous_17)
FN:411,(anonymous_18)
FN:420,(anonymous_19)
FNF:20
FNH:18
FNDA:7,(anonymous_0)
FNDA:10,(anonymous_1)
FNDA:8,(anonymous_2)
FNDA:6,(anonymous_3)
FNDA:3,(anonymous_4)
FNDA:5,(anonymous_5)
FNDA:9,(anonymous_6)
FNDA:13,(anonymous_7)
FNDA:7,(anonymous_8)
FNDA:24,(anonymous_9)
FNDA:1,(anonymous_10)
FNDA:4,(anonymous_11)
FNDA:1,(anonymous_12)
FNDA:4,(anonymous_13)
FNDA:1,(anonymous_14)
FNDA:2,(anonymous_15)
FNDA:4,(anonymous_16)
FNDA:0,(anonymous_17)
FNDA:1,(anonymous_18)
FNDA:0,(anonymous_19)
DA:1,4
DA:2,4
DA:3,4
DA:4,4
DA:5,4
DA:6,4
DA:7,4
DA:9,4
DA:10,4
DA:11,4
DA:14,4
DA:15,4
DA:16,4
DA:22,4
DA:23,4
DA:26,4
DA:34,4
DA:41,4
DA:42,4
DA:45,4
DA:82,4
DA:83,7
DA:94,4
DA:95,10
DA:97,10
DA:98,3
DA:104,7
DA:105,7
DA:106,5
DA:107,5
DA:109,2
DA:110,2
DA:117,4
DA:118,8
DA:119,8
DA:122,4
DA:123,6
DA:126,4
DA:127,3
DA:129,0
DA:131,0
DA:133,3
DA:135,0
DA:142,4
DA:143,5
DA:151,4
DA:152,9
DA:153,9
DA:156,9
DA:157,1
DA:163,8
DA:164,2
DA:170,6
DA:171,1
DA:177,5
DA:178,1
DA:185,13
DA:186,4
DA:187,1
DA:194,3
DA:195,3
DA:198,3
DA:210,3
DA:213,3
DA:216,3
DA:218,3
DA:227,0
DA:228,0
DA:236,4
DA:237,7
DA:238,7
DA:241,7
DA:242,0
DA:249,24
DA:250,7
DA:251,2
DA:258,5
DA:259,5
DA:260,1
DA:267,4
DA:268,0
DA:275,4
DA:278,4
DA:281,4
DA:283,4
DA:292,0
DA:293,0
DA:301,4
DA:302,1
DA:303,4
DA:304,1
DA:305,0
DA:311,1
DA:313,1
DA:320,0
DA:321,0
DA:329,4
DA:330,1
DA:331,1
DA:333,4
DA:334,1
DA:335,0
DA:342,1
DA:343,1
DA:345,1
DA:347,1
DA:355,0
DA:356,0
DA:364,4
DA:365,1
DA:372,4
DA:373,2
DA:374,2
DA:375,1
DA:381,1
DA:382,4
DA:385,1
DA:393,0
DA:394,0
DA:402,4
DA:403,0
DA:404,0
DA:411,4
DA:412,1
DA:419,4
DA:420,0
DA:421,0
DA:422,0
DA:423,0
DA:429,4
LF:130
LH:107
BRDA:10,0,0,4
BRDA:10,0,1,4
BRDA:11,1,0,4
BRDA:11,1,1,0
BRDA:18,2,0,4
BRDA:18,2,1,0
BRDA:28,3,0,4
BRDA:28,3,1,0
BRDA:36,4,0,4
BRDA:36,4,1,0
BRDA:97,5,0,3
BRDA:97,5,1,7
BRDA:123,6,0,6
BRDA:123,6,1,6
BRDA:127,7,0,0
BRDA:127,7,1,0
BRDA:127,7,2,3
BRDA:127,7,3,0
BRDA:153,8,0,3
BRDA:156,9,0,1
BRDA:156,9,1,8
BRDA:156,10,0,9
BRDA:156,10,1,8
BRDA:156,10,2,8
BRDA:163,11,0,2
BRDA:163,11,1,6
BRDA:170,12,0,1
BRDA:170,12,1,5
BRDA:177,13,0,1
BRDA:177,13,1,4
BRDA:186,14,0,1
BRDA:186,14,1,3
BRDA:241,15,0,0
BRDA:241,15,1,7
BRDA:241,16,0,7
BRDA:241,16,1,7
BRDA:250,17,0,2
BRDA:250,17,1,5
BRDA:259,18,0,1
BRDA:259,18,1,4
BRDA:267,19,0,0
BRDA:267,19,1,4
BRDA:267,20,0,4
BRDA:267,20,1,0
BRDA:304,21,0,0
BRDA:304,21,1,1
BRDA:334,22,0,0
BRDA:334,22,1,1
BRDA:342,23,0,1
BRDA:342,23,1,0
BRDA:343,24,0,1
BRDA:343,24,1,0
BRDA:374,25,0,1
BRDA:374,25,1,1
BRDA:419,26,0,0
BRDA:419,26,1,4
BRDA:422,27,0,0
BRDA:422,27,1,0
BRDA:424,28,0,0
BRDA:424,28,1,0
BRF:60
BRH:41
end_of_record
